2023-01-20 09:17:40,751 [Worker-8: Loading available Gradle versions] INFO  o.e.b.c.i.u.g.PublishedGradleVersions - Gradle version information cache is up-to-date. Trying to read.
2023-01-20 09:25:29,877 [Worker-6: Loading available Gradle versions] INFO  o.e.b.c.i.u.g.PublishedGradleVersions - Gradle version information cache is up-to-date. Trying to read.
2023-02-02 19:42:15,166 [Worker-6: Loading available Gradle versions] INFO  o.e.b.c.i.u.g.PublishedGradleVersions - Gradle version information cache is up-to-date. Trying to read.
2023-02-03 09:22:26,620 [Worker-1: Loading available Gradle versions] INFO  o.e.b.c.i.u.g.PublishedGradleVersions - Gradle version information cache is up-to-date. Trying to read.
2023-02-03 09:23:02,601 [Worker-7: Importing Maven projects] INFO  o.e.m.c.i.l.LifecycleMappingFactory - Using org.maven.ide.eclipse.wtp.WarLifecycleMapping lifecycle mapping for MavenProject: com.example:second:0.0.1-SNAPSHOT @ C:\Users\user\Desktop\스타터스\Spring_boot\second\second\pom.xml.
2023-02-03 09:23:04,471 [Worker-7: Importing Maven projects] INFO  o.e.m.j.i.AbstractJavaProjectConfigurator - Adding source folder /second/src/main/java
2023-02-03 09:23:04,471 [Worker-7: Importing Maven projects] INFO  o.e.m.j.i.AbstractJavaProjectConfigurator - Adding resource folder /second/src/main/resources
2023-02-03 09:23:04,476 [Worker-7: Importing Maven projects] INFO  o.e.m.j.i.AbstractJavaProjectConfigurator - Adding resource folder /second/src/main/resources
2023-02-03 09:23:04,480 [Worker-7: Importing Maven projects] INFO  o.e.m.j.i.AbstractJavaProjectConfigurator - Adding source folder /second/src/test/java
2023-02-03 09:23:05,227 [Worker-7: Importing Maven projects] INFO  o.e.m.c.i.p.ProjectConfigurationManager - Imported and configured 1 project(s) in 3 sec
2023-02-03 09:23:15,536 [main] INFO  o.e.m2e.actions.ExecutePomAction - Creating new launch configuration
2023-02-03 09:23:20,876 [main] INFO  o.e.m2e.actions.ExecutePomAction - Creating new launch configuration
2023-02-03 09:23:32,737 [main] INFO  o.e.m2e.actions.ExecutePomAction - Creating new launch configuration
2023-02-03 09:23:56,005 [Worker-4: Launching second (2)] INFO  o.eclipse.m2e.core.internal.Bundles - getClasspathEntries(Bundle=org.eclipse.m2e.maven.runtime_3.8.604.20221130-2149 [345])
2023-02-03 09:23:56,009 [Worker-4: Launching second (2)] INFO  o.eclipse.m2e.core.internal.Bundles - 	Entry: C:\sba\spring_boot\sts-4.17.1.RELEASE\plugins\org.eclipse.m2e.maven.runtime_3.8.604.20221130-2149
2023-02-03 09:23:56,009 [Worker-4: Launching second (2)] INFO  o.eclipse.m2e.core.internal.Bundles - 	Entry: C:\sba\spring_boot\sts-4.17.1.RELEASE\plugins\org.eclipse.m2e.maven.runtime_3.8.604.20221130-2149\jars\aether-connector-okhttp-0.17.8.jar
2023-02-03 09:23:56,009 [Worker-4: Launching second (2)] INFO  o.eclipse.m2e.core.internal.Bundles - 	Entry: C:\sba\spring_boot\sts-4.17.1.RELEASE\plugins\org.eclipse.m2e.maven.runtime_3.8.604.20221130-2149\jars\commons-cli-1.4.jar
2023-02-03 09:23:56,009 [Worker-4: Launching second (2)] INFO  o.eclipse.m2e.core.internal.Bundles - 	Entry: C:\sba\spring_boot\sts-4.17.1.RELEASE\plugins\org.eclipse.m2e.maven.runtime_3.8.604.20221130-2149\jars\commons-io-2.6.jar
2023-02-03 09:23:56,009 [Worker-4: Launching second (2)] INFO  o.eclipse.m2e.core.internal.Bundles - 	Entry: C:\sba\spring_boot\sts-4.17.1.RELEASE\plugins\org.eclipse.m2e.maven.runtime_3.8.604.20221130-2149\jars\commons-lang3-3.8.1.jar
2023-02-03 09:23:56,009 [Worker-4: Launching second (2)] INFO  o.eclipse.m2e.core.internal.Bundles - 	Entry: C:\sba\spring_boot\sts-4.17.1.RELEASE\plugins\org.eclipse.m2e.maven.runtime_3.8.604.20221130-2149\jars\guice-4.2.2-no_aop.jar
2023-02-03 09:23:56,009 [Worker-4: Launching second (2)] INFO  o.eclipse.m2e.core.internal.Bundles - 	Entry: C:\sba\spring_boot\sts-4.17.1.RELEASE\plugins\org.eclipse.m2e.maven.runtime_3.8.604.20221130-2149\jars\jansi-2.4.0.jar
2023-02-03 09:23:56,009 [Worker-4: Launching second (2)] INFO  o.eclipse.m2e.core.internal.Bundles - 	Entry: C:\sba\spring_boot\sts-4.17.1.RELEASE\plugins\org.eclipse.m2e.maven.runtime_3.8.604.20221130-2149\jars\maven-artifact-3.8.6.jar
2023-02-03 09:23:56,010 [Worker-4: Launching second (2)] INFO  o.eclipse.m2e.core.internal.Bundles - 	Entry: C:\sba\spring_boot\sts-4.17.1.RELEASE\plugins\org.eclipse.m2e.maven.runtime_3.8.604.20221130-2149\jars\maven-builder-support-3.8.6.jar
2023-02-03 09:23:56,010 [Worker-4: Launching second (2)] INFO  o.eclipse.m2e.core.internal.Bundles - 	Entry: C:\sba\spring_boot\sts-4.17.1.RELEASE\plugins\org.eclipse.m2e.maven.runtime_3.8.604.20221130-2149\jars\maven-compat-3.8.6.jar
2023-02-03 09:23:56,010 [Worker-4: Launching second (2)] INFO  o.eclipse.m2e.core.internal.Bundles - 	Entry: C:\sba\spring_boot\sts-4.17.1.RELEASE\plugins\org.eclipse.m2e.maven.runtime_3.8.604.20221130-2149\jars\maven-core-3.8.6.jar
2023-02-03 09:23:56,010 [Worker-4: Launching second (2)] INFO  o.eclipse.m2e.core.internal.Bundles - 	Entry: C:\sba\spring_boot\sts-4.17.1.RELEASE\plugins\org.eclipse.m2e.maven.runtime_3.8.604.20221130-2149\jars\maven-embedder-3.8.6.jar
2023-02-03 09:23:56,010 [Worker-4: Launching second (2)] INFO  o.eclipse.m2e.core.internal.Bundles - 	Entry: C:\sba\spring_boot\sts-4.17.1.RELEASE\plugins\org.eclipse.m2e.maven.runtime_3.8.604.20221130-2149\jars\maven-model-3.8.6.jar
2023-02-03 09:23:56,010 [Worker-4: Launching second (2)] INFO  o.eclipse.m2e.core.internal.Bundles - 	Entry: C:\sba\spring_boot\sts-4.17.1.RELEASE\plugins\org.eclipse.m2e.maven.runtime_3.8.604.20221130-2149\jars\maven-model-builder-3.8.6.jar
2023-02-03 09:23:56,010 [Worker-4: Launching second (2)] INFO  o.eclipse.m2e.core.internal.Bundles - 	Entry: C:\sba\spring_boot\sts-4.17.1.RELEASE\plugins\org.eclipse.m2e.maven.runtime_3.8.604.20221130-2149\jars\maven-plugin-api-3.8.6.jar
2023-02-03 09:23:56,010 [Worker-4: Launching second (2)] INFO  o.eclipse.m2e.core.internal.Bundles - 	Entry: C:\sba\spring_boot\sts-4.17.1.RELEASE\plugins\org.eclipse.m2e.maven.runtime_3.8.604.20221130-2149\jars\maven-repository-metadata-3.8.6.jar
2023-02-03 09:23:56,010 [Worker-4: Launching second (2)] INFO  o.eclipse.m2e.core.internal.Bundles - 	Entry: C:\sba\spring_boot\sts-4.17.1.RELEASE\plugins\org.eclipse.m2e.maven.runtime_3.8.604.20221130-2149\jars\maven-resolver-api-1.6.3.jar
2023-02-03 09:23:56,010 [Worker-4: Launching second (2)] INFO  o.eclipse.m2e.core.internal.Bundles - 	Entry: C:\sba\spring_boot\sts-4.17.1.RELEASE\plugins\org.eclipse.m2e.maven.runtime_3.8.604.20221130-2149\jars\maven-resolver-connector-basic-1.6.3.jar
2023-02-03 09:23:56,010 [Worker-4: Launching second (2)] INFO  o.eclipse.m2e.core.internal.Bundles - 	Entry: C:\sba\spring_boot\sts-4.17.1.RELEASE\plugins\org.eclipse.m2e.maven.runtime_3.8.604.20221130-2149\jars\maven-resolver-impl-1.6.3.jar
2023-02-03 09:23:56,010 [Worker-4: Launching second (2)] INFO  o.eclipse.m2e.core.internal.Bundles - 	Entry: C:\sba\spring_boot\sts-4.17.1.RELEASE\plugins\org.eclipse.m2e.maven.runtime_3.8.604.20221130-2149\jars\maven-resolver-provider-3.8.6.jar
2023-02-03 09:23:56,011 [Worker-4: Launching second (2)] INFO  o.eclipse.m2e.core.internal.Bundles - 	Entry: C:\sba\spring_boot\sts-4.17.1.RELEASE\plugins\org.eclipse.m2e.maven.runtime_3.8.604.20221130-2149\jars\maven-resolver-spi-1.6.3.jar
2023-02-03 09:23:56,011 [Worker-4: Launching second (2)] INFO  o.eclipse.m2e.core.internal.Bundles - 	Entry: C:\sba\spring_boot\sts-4.17.1.RELEASE\plugins\org.eclipse.m2e.maven.runtime_3.8.604.20221130-2149\jars\maven-resolver-transport-wagon-1.6.3.jar
2023-02-03 09:23:56,011 [Worker-4: Launching second (2)] INFO  o.eclipse.m2e.core.internal.Bundles - 	Entry: C:\sba\spring_boot\sts-4.17.1.RELEASE\plugins\org.eclipse.m2e.maven.runtime_3.8.604.20221130-2149\jars\maven-resolver-util-1.6.3.jar
2023-02-03 09:23:56,011 [Worker-4: Launching second (2)] INFO  o.eclipse.m2e.core.internal.Bundles - 	Entry: C:\sba\spring_boot\sts-4.17.1.RELEASE\plugins\org.eclipse.m2e.maven.runtime_3.8.604.20221130-2149\jars\maven-settings-3.8.6.jar
2023-02-03 09:23:56,011 [Worker-4: Launching second (2)] INFO  o.eclipse.m2e.core.internal.Bundles - 	Entry: C:\sba\spring_boot\sts-4.17.1.RELEASE\plugins\org.eclipse.m2e.maven.runtime_3.8.604.20221130-2149\jars\maven-settings-builder-3.8.6.jar
2023-02-03 09:23:56,011 [Worker-4: Launching second (2)] INFO  o.eclipse.m2e.core.internal.Bundles - 	Entry: C:\sba\spring_boot\sts-4.17.1.RELEASE\plugins\org.eclipse.m2e.maven.runtime_3.8.604.20221130-2149\jars\maven-shared-utils-3.3.4.jar
2023-02-03 09:23:56,011 [Worker-4: Launching second (2)] INFO  o.eclipse.m2e.core.internal.Bundles - 	Entry: C:\sba\spring_boot\sts-4.17.1.RELEASE\plugins\org.eclipse.m2e.maven.runtime_3.8.604.20221130-2149\jars\okhttp-3.14.1.jar
2023-02-03 09:23:56,011 [Worker-4: Launching second (2)] INFO  o.eclipse.m2e.core.internal.Bundles - 	Entry: C:\sba\spring_boot\sts-4.17.1.RELEASE\plugins\org.eclipse.m2e.maven.runtime_3.8.604.20221130-2149\jars\okio-1.17.3.jar
2023-02-03 09:23:56,011 [Worker-4: Launching second (2)] INFO  o.eclipse.m2e.core.internal.Bundles - 	Entry: C:\sba\spring_boot\sts-4.17.1.RELEASE\plugins\org.eclipse.m2e.maven.runtime_3.8.604.20221130-2149\jars\org.eclipse.sisu.inject-0.3.5.jar
2023-02-03 09:23:56,011 [Worker-4: Launching second (2)] INFO  o.eclipse.m2e.core.internal.Bundles - 	Entry: C:\sba\spring_boot\sts-4.17.1.RELEASE\plugins\org.eclipse.m2e.maven.runtime_3.8.604.20221130-2149\jars\org.eclipse.sisu.plexus-0.3.5.jar
2023-02-03 09:23:56,011 [Worker-4: Launching second (2)] INFO  o.eclipse.m2e.core.internal.Bundles - 	Entry: C:\sba\spring_boot\sts-4.17.1.RELEASE\plugins\org.eclipse.m2e.maven.runtime_3.8.604.20221130-2149\jars\plexus-build-api-0.0.7.jar
2023-02-03 09:23:56,011 [Worker-4: Launching second (2)] INFO  o.eclipse.m2e.core.internal.Bundles - 	Entry: C:\sba\spring_boot\sts-4.17.1.RELEASE\plugins\org.eclipse.m2e.maven.runtime_3.8.604.20221130-2149\jars\plexus-cipher-2.0.jar
2023-02-03 09:23:56,012 [Worker-4: Launching second (2)] INFO  o.eclipse.m2e.core.internal.Bundles - 	Entry: C:\sba\spring_boot\sts-4.17.1.RELEASE\plugins\org.eclipse.m2e.maven.runtime_3.8.604.20221130-2149\jars\plexus-classworlds-2.6.0.jar
2023-02-03 09:23:56,012 [Worker-4: Launching second (2)] INFO  o.eclipse.m2e.core.internal.Bundles - 	Entry: C:\sba\spring_boot\sts-4.17.1.RELEASE\plugins\org.eclipse.m2e.maven.runtime_3.8.604.20221130-2149\jars\plexus-component-annotations-2.1.0.jar
2023-02-03 09:23:56,012 [Worker-4: Launching second (2)] INFO  o.eclipse.m2e.core.internal.Bundles - 	Entry: C:\sba\spring_boot\sts-4.17.1.RELEASE\plugins\org.eclipse.m2e.maven.runtime_3.8.604.20221130-2149\jars\plexus-interpolation-1.26.jar
2023-02-03 09:23:56,012 [Worker-4: Launching second (2)] INFO  o.eclipse.m2e.core.internal.Bundles - 	Entry: C:\sba\spring_boot\sts-4.17.1.RELEASE\plugins\org.eclipse.m2e.maven.runtime_3.8.604.20221130-2149\jars\plexus-sec-dispatcher-2.0.jar
2023-02-03 09:23:56,012 [Worker-4: Launching second (2)] INFO  o.eclipse.m2e.core.internal.Bundles - 	Entry: C:\sba\spring_boot\sts-4.17.1.RELEASE\plugins\org.eclipse.m2e.maven.runtime_3.8.604.20221130-2149\jars\plexus-utils-3.3.1.jar
2023-02-03 09:23:56,012 [Worker-4: Launching second (2)] INFO  o.eclipse.m2e.core.internal.Bundles - 	Entry: C:\sba\spring_boot\sts-4.17.1.RELEASE\plugins\org.eclipse.m2e.maven.runtime_3.8.604.20221130-2149\jars\wagon-file-3.5.1.jar
2023-02-03 09:23:56,012 [Worker-4: Launching second (2)] INFO  o.eclipse.m2e.core.internal.Bundles - 	Entry: C:\sba\spring_boot\sts-4.17.1.RELEASE\plugins\org.eclipse.m2e.maven.runtime_3.8.604.20221130-2149\jars\wagon-provider-api-3.5.1.jar
2023-02-03 09:23:56,013 [Worker-4: Launching second (2)] INFO  o.eclipse.m2e.core.internal.Bundles - getClasspathEntries(Bundle=com.google.guava_30.1.0.v20221112-0806 [22])
2023-02-03 09:23:56,014 [Worker-4: Launching second (2)] INFO  o.eclipse.m2e.core.internal.Bundles - 	Entry: C:\sba\spring_boot\sts-4.17.1.RELEASE\plugins\com.google.guava_30.1.0.v20221112-0806.jar
2023-02-03 09:23:56,014 [Worker-4: Launching second (2)] INFO  o.eclipse.m2e.core.internal.Bundles - getClasspathEntries(Bundle=slf4j.api_1.7.36 [584])
2023-02-03 09:23:56,014 [Worker-4: Launching second (2)] INFO  o.eclipse.m2e.core.internal.Bundles - 	Entry: C:\sba\spring_boot\sts-4.17.1.RELEASE\plugins\slf4j.api_1.7.36.jar
2023-02-03 09:23:56,014 [Worker-4: Launching second (2)] INFO  o.eclipse.m2e.core.internal.Bundles - getClasspathEntries(Bundle=javax.inject_1.0.0.v20220405-0441 [49])
2023-02-03 09:23:56,015 [Worker-4: Launching second (2)] INFO  o.eclipse.m2e.core.internal.Bundles - 	Entry: C:\sba\spring_boot\sts-4.17.1.RELEASE\plugins\javax.inject_1.0.0.v20220405-0441.jar
2023-02-03 09:23:56,015 [Worker-4: Launching second (2)] INFO  o.eclipse.m2e.core.internal.Bundles - getClasspathEntries(Bundle=javax.annotation_1.3.5.v20221112-0806 [47])
2023-02-03 09:23:56,015 [Worker-4: Launching second (2)] INFO  o.eclipse.m2e.core.internal.Bundles - 	Entry: C:\sba\spring_boot\sts-4.17.1.RELEASE\plugins\javax.annotation_1.3.5.v20221112-0806.jar
2023-02-03 09:23:56,016 [Worker-4: Launching second (2)] INFO  o.e.m.i.launch.MavenLaunchDelegate - Run build in "C:\Users\user\Desktop\스타터스\Spring_boot\second\second":
2023-02-03 09:23:56,018 [Worker-4: Launching second (2)] INFO  o.e.m.i.launch.MavenLaunchDelegate -  mvn  -Ppom.xml -B -Dstyle.color=always clean package
2023-02-03 10:21:47,517 [Worker-6: Loading available Gradle versions] INFO  o.e.b.c.i.u.g.PublishedGradleVersions - Gradle version information cache is up-to-date. Trying to read.
